[1114/163335.588:ERROR:directory_reader_win.cc(43)] FindFirstFile: ??????? ?? ??????? ????? ????????? ????. (0x3)
[1115/013810.492:ERROR:process_reader_win.cc(123)] NtOpenThread: {???????? ? ???????} ??????? ???????? ?????? ? ???????, ?? ????? ?? ?????? ?? ?????????????. (0xc0000022)
[1115/013810.523:ERROR:process_reader_win.cc(123)] NtOpenThread: {???????? ? ???????} ??????? ???????? ?????? ? ???????, ?? ????? ?? ?????? ?? ?????????????. (0xc0000022)
[1115/013810.908:ERROR:exception_snapshot_win.cc(99)] thread ID 23408 not found in process
[1115/013810.911:ERROR:process_reader_win.cc(123)] NtOpenThread: {???????? ? ???????} ??????? ???????? ?????? ? ???????, ?? ????? ?? ?????? ?? ?????????????. (0xc0000022)
[1115/013810.911:ERROR:exception_snapshot_win.cc(99)] thread ID 9896 not found in process
[1115/013810.890:ERROR:process_reader_win.cc(123)] NtOpenThread: {???????? ? ???????} ??????? ???????? ?????? ? ???????, ?? ????? ?? ?????? ?? ?????????????. (0xc0000022)
[1115/013810.912:ERROR:exception_snapshot_win.cc(99)] thread ID 12472 not found in process
[1115/013810.915:ERROR:process_reader_win.cc(123)] NtOpenThread: {???????? ? ???????} ??????? ???????? ?????? ? ???????, ?? ????? ?? ?????? ?? ?????????????. (0xc0000022)
[1115/013810.915:ERROR:exception_snapshot_win.cc(99)] thread ID 6656 not found in process
[1115/013810.536:ERROR:process_reader_win.cc(123)] NtOpenThread: {???????? ? ???????} ??????? ???????? ?????? ? ???????, ?? ????? ?? ?????? ?? ?????????????. (0xc0000022)
[1115/013810.916:ERROR:exception_snapshot_win.cc(99)] thread ID 19476 not found in process
[1115/013810.498:ERROR:process_reader_win.cc(123)] NtOpenThread: {???????? ? ???????} ??????? ???????? ?????? ? ???????, ?? ????? ?? ?????? ?? ?????????????. (0xc0000022)
[1115/013810.916:ERROR:exception_snapshot_win.cc(99)] thread ID 7772 not found in process
[1115/013810.483:ERROR:process_reader_win.cc(123)] NtOpenThread: {???????? ? ???????} ??????? ???????? ?????? ? ???????, ?? ????? ?? ?????? ?? ?????????????. (0xc0000022)
[1115/013810.916:ERROR:exception_snapshot_win.cc(99)] thread ID 12560 not found in process
[1115/013810.907:ERROR:exception_snapshot_win.cc(99)] thread ID 13632 not found in process
[1115/013810.926:ERROR:process_reader_win.cc(123)] NtOpenThread: {???????? ? ???????} ??????? ???????? ?????? ? ???????, ?? ????? ?? ?????? ?? ?????????????. (0xc0000022)
[1115/013810.926:ERROR:exception_snapshot_win.cc(99)] thread ID 9300 not found in process
[1118/190440.539:ERROR:directory_reader_win.cc(43)] FindFirstFile: ??????? ?? ??????? ????? ????????? ????. (0x3)
[1119/220720.495:ERROR:directory_reader_win.cc(43)] FindFirstFile: ??????? ?? ??????? ????? ????????? ????. (0x3)
[1120/002419.009:ERROR:directory_reader_win.cc(43)] FindFirstFile: ??????? ?? ??????? ????? ????????? ????. (0x3)
[1120/022602.849:ERROR:process_reader_win.cc(123)] NtOpenThread: {???????? ? ???????} ??????? ???????? ?????? ? ???????, ?? ????? ?? ?????? ?? ?????????????. (0xc0000022)
[1120/022602.826:ERROR:process_reader_win.cc(123)] NtOpenThread: {???????? ? ???????} ??????? ???????? ?????? ? ???????, ?? ????? ?? ?????? ?? ?????????????. (0xc0000022)
[1120/022603.497:ERROR:exception_snapshot_win.cc(99)] thread ID 10628 not found in process
[1120/022602.821:ERROR:process_reader_win.cc(123)] NtOpenThread: {???????? ? ???????} ??????? ???????? ?????? ? ???????, ?? ????? ?? ?????? ?? ?????????????. (0xc0000022)
[1120/022602.830:ERROR:process_reader_win.cc(123)] NtOpenThread: {???????? ? ???????} ??????? ???????? ?????? ? ???????, ?? ????? ?? ?????? ?? ?????????????. (0xc0000022)
[1120/022603.497:ERROR:exception_snapshot_win.cc(99)] thread ID 11108 not found in process
[1120/022603.497:ERROR:exception_snapshot_win.cc(99)] thread ID 8080 not found in process
[1120/022603.497:ERROR:exception_snapshot_win.cc(99)] thread ID 3584 not found in process
[1120/112616.054:ERROR:directory_reader_win.cc(43)] FindFirstFile: ??????? ?? ??????? ????? ????????? ????. (0x3)
[1120/131828.649:ERROR:process_reader_win.cc(123)] NtOpenThread: {???????? ? ???????} ??????? ???????? ?????? ? ???????, ?? ????? ?? ?????? ?? ?????????????. (0xc0000022)
[1120/131828.650:ERROR:process_reader_win.cc(123)] NtOpenThread: {???????? ? ???????} ??????? ???????? ?????? ? ???????, ?? ????? ?? ?????? ?? ?????????????. (0xc0000022)
[1120/131828.729:ERROR:exception_snapshot_win.cc(99)] thread ID 12948 not found in process
[1120/131828.729:ERROR:exception_snapshot_win.cc(99)] thread ID 1272 not found in process
[1120/192524.049:ERROR:directory_reader_win.cc(43)] FindFirstFile: ??????? ?? ??????? ????? ????????? ????. (0x3)
[1121/003814.664:ERROR:process_reader_win.cc(123)] NtOpenThread: {???????? ? ???????} ??????? ???????? ?????? ? ???????, ?? ????? ?? ?????? ?? ?????????????. (0xc0000022)
[1121/003814.650:ERROR:process_reader_win.cc(123)] NtOpenThread: {???????? ? ???????} ??????? ???????? ?????? ? ???????, ?? ????? ?? ?????? ?? ?????????????. (0xc0000022)
[1121/003814.983:ERROR:exception_snapshot_win.cc(99)] thread ID 9028 not found in process
[1121/003814.984:ERROR:exception_snapshot_win.cc(99)] thread ID 14024 not found in process
[1121/003814.622:ERROR:process_reader_win.cc(123)] NtOpenThread: {???????? ? ???????} ??????? ???????? ?????? ? ???????, ?? ????? ?? ?????? ?? ?????????????. (0xc0000022)
[1121/003814.984:ERROR:exception_snapshot_win.cc(99)] thread ID 6408 not found in process
[1121/003814.671:ERROR:process_reader_win.cc(123)] NtOpenThread: {???????? ? ???????} ??????? ???????? ?????? ? ???????, ?? ????? ?? ?????? ?? ?????????????. (0xc0000022)
[1121/003814.985:ERROR:exception_snapshot_win.cc(99)] thread ID 10388 not found in process
[1121/003814.717:ERROR:process_reader_win.cc(123)] NtOpenThread: {???????? ? ???????} ??????? ???????? ?????? ? ???????, ?? ????? ?? ?????? ?? ?????????????. (0xc0000022)
[1121/003814.985:ERROR:exception_snapshot_win.cc(99)] thread ID 13112 not found in process
[1121/003814.659:ERROR:process_reader_win.cc(123)] NtOpenThread: {???????? ? ???????} ??????? ???????? ?????? ? ???????, ?? ????? ?? ?????? ?? ?????????????. (0xc0000022)
[1121/003814.985:ERROR:exception_snapshot_win.cc(99)] thread ID 1980 not found in process
[1121/003814.719:ERROR:scoped_process_suspend.cc(31)] NtSuspendProcess: ??????? ??????? ? ????????, ???????????? ????????? ??????????. (0xc000010a)
[1121/003814.607:ERROR:process_reader_win.cc(123)] NtOpenThread: {???????? ? ???????} ??????? ???????? ?????? ? ???????, ?? ????? ?? ?????? ?? ?????????????. (0xc0000022)
[1121/003814.986:ERROR:exception_snapshot_win.cc(99)] thread ID 15316 not found in process
[1121/003814.719:ERROR:scoped_process_suspend.cc(31)] NtSuspendProcess: ??????? ??????? ? ????????, ???????????? ????????? ??????????. (0xc000010a)
[1121/003814.703:ERROR:process_reader_win.cc(123)] NtOpenThread: {???????? ? ???????} ??????? ???????? ?????? ? ???????, ?? ????? ?? ?????? ?? ?????????????. (0xc0000022)
[1121/003814.986:ERROR:exception_snapshot_win.cc(99)] thread ID 7012 not found in process
[1121/003814.986:ERROR:scoped_process_suspend.cc(40)] NtResumeProcess: ??????? ??????? ? ????????, ???????????? ????????? ??????????. (0xc000010a)
[1121/003814.650:ERROR:process_reader_win.cc(123)] NtOpenThread: {???????? ? ???????} ??????? ???????? ?????? ? ???????, ?? ????? ?? ?????? ?? ?????????????. (0xc0000022)
[1121/003814.987:ERROR:exception_snapshot_win.cc(99)] thread ID 6672 not found in process
[1121/003814.679:ERROR:process_reader_win.cc(123)] NtOpenThread: {???????? ? ???????} ??????? ???????? ?????? ? ???????, ?? ????? ?? ?????? ?? ?????????????. (0xc0000022)
[1121/003814.987:ERROR:exception_snapshot_win.cc(99)] thread ID 5640 not found in process
[1121/003814.986:ERROR:process_info.cc(118)] ReadProcessMemory bool __cdecl crashpad::(anonymous namespace)::ReadStruct(HANDLE, crashpad::WinVMAddress, T *) [T = crashpad::process_types::PEB<crashpad::process_types::internal::Traits64>]: ?????? ReadProcessMemory ??? WriteProcessMemory ??? ???????? ?????? ????????. (0x12B)
[1121/003815.008:ERROR:process_info.cc(551)] ReadProcessData failed
[1121/003814.986:ERROR:process_info.cc(118)] ReadProcessMemory bool __cdecl crashpad::(anonymous namespace)::ReadStruct(HANDLE, crashpad::WinVMAddress, T *) [T = crashpad::process_types::PEB<crashpad::process_types::internal::Traits64>]: ?????? ReadProcessMemory ??? WriteProcessMemory ??? ???????? ?????? ????????. (0x12B)
[1121/003815.008:ERROR:process_info.cc(551)] ReadProcessData failed
